Flow report for Seventh
Mon Nov 20 16:06:05 2023
Quartus II 64-Bit Version 13.1.0 Build 162 10/23/2013 SJ Web Edition


---------------------
; Table of Contents ;
---------------------
  1. Legal Notice
  2. Flow Summary
  3. Flow Settings
  4. Flow Non-Default Global Settings
  5. Flow Elapsed Time
  6. Flow OS Summary
  7. Flow Log
  8. Flow Messages
  9. Flow Suppressed Messages



----------------
; Legal Notice ;
----------------
Copyright (C) 1991-2013 Altera Corporation
Your use of Altera Corporation's design tools, logic functions 
and other software and tools, and its AMPP partner logic 
functions, and any output files from any of the foregoing 
(including device programming or simulation files), and any 
associated documentation or information are expressly subject 
to the terms and conditions of the Altera Program License 
Subscription Agreement, Altera MegaCore Function License 
Agreement, or other applicable license agreement, including, 
without limitation, that your use is for the sole purpose of 
programming logic devices manufactured by Altera and sold by 
Altera or its authorized distributors.  Please refer to the 
applicable agreement for further details.



+---------------------------------------------------------------------------------+
; Flow Summary                                                                    ;
+------------------------------------+--------------------------------------------+
; Flow Status                        ; Successful - Mon Nov 20 16:06:05 2023      ;
; Quartus II 64-Bit Version          ; 13.1.0 Build 162 10/23/2013 SJ Web Edition ;
; Revision Name                      ; Seventh                                    ;
; Top-level Entity Name              ; ctrl_un_BO                                 ;
; Family                             ; Cyclone IV GX                              ;
; Total logic elements               ; 53 / 14,400 ( < 1 % )                      ;
;     Total combinational functions  ; 52 / 14,400 ( < 1 % )                      ;
;     Dedicated logic registers      ; 24 / 14,400 ( < 1 % )                      ;
; Total registers                    ; 24                                         ;
; Total pins                         ; 23 / 81 ( 28 % )                           ;
; Total virtual pins                 ; 0                                          ;
; Total memory bits                  ; 0 / 552,960 ( 0 % )                        ;
; Embedded Multiplier 9-bit elements ; 0                                          ;
; Total GXB Receiver Channel PCS     ; 0 / 2 ( 0 % )                              ;
; Total GXB Receiver Channel PMA     ; 0 / 2 ( 0 % )                              ;
; Total GXB Transmitter Channel PCS  ; 0 / 2 ( 0 % )                              ;
; Total GXB Transmitter Channel PMA  ; 0 / 2 ( 0 % )                              ;
; Total PLLs                         ; 0 / 3 ( 0 % )                              ;
; Device                             ; EP4CGX15BF14C6                             ;
; Timing Models                      ; Final                                      ;
+------------------------------------+--------------------------------------------+


+-----------------------------------------+
; Flow Settings                           ;
+-------------------+---------------------+
; Option            ; Setting             ;
+-------------------+---------------------+
; Start date & time ; 11/20/2023 08:49:03 ;
; Main task         ; Compilation         ;
; Revision Name     ; Seventh             ;
+-------------------+---------------------+


+----------------------------------------------------------------------------------------------------------------------------------------------------------------+
; Flow Non-Default Global Settings                                                                                                                               ;
+-------------------------------------+--------------------------------------------------------+---------------+-------------+-----------------------------------+
; Assignment Name                     ; Value                                                  ; Default Value ; Entity Name ; Section Id                        ;
+-------------------------------------+--------------------------------------------------------+---------------+-------------+-----------------------------------+
; COMPILER_SIGNATURE_ID               ; 9210264648849.170045934304276                          ; --            ; --          ; --                                ;
; EDA_GENERATE_FUNCTIONAL_NETLIST     ; On                                                     ; --            ; --          ; eda_simulation                    ;
; EDA_GENERATE_FUNCTIONAL_NETLIST     ; Off                                                    ; --            ; --          ; eda_board_design_timing           ;
; EDA_GENERATE_FUNCTIONAL_NETLIST     ; Off                                                    ; --            ; --          ; eda_board_design_symbol           ;
; EDA_GENERATE_FUNCTIONAL_NETLIST     ; Off                                                    ; --            ; --          ; eda_board_design_signal_integrity ;
; EDA_GENERATE_FUNCTIONAL_NETLIST     ; Off                                                    ; --            ; --          ; eda_board_design_boundary_scan    ;
; EDA_NETLIST_WRITER_OUTPUT_DIR       ; D:/AlteraProjects/from_lipova/Seventh/simulation/qsim/ ; --            ; --          ; eda_simulation                    ;
; EDA_OUTPUT_DATA_FORMAT              ; Verilog Hdl                                            ; --            ; --          ; eda_simulation                    ;
; EDA_SIMULATION_TOOL                 ; ModelSim-Altera (Verilog)                              ; <None>        ; --          ; --                                ;
; EDA_TIME_SCALE                      ; 1 ps                                                   ; --            ; --          ; eda_simulation                    ;
; PARTITION_COLOR                     ; 16764057                                               ; --            ; ctrl_un_BO  ; Top                               ;
; PARTITION_FITTER_PRESERVATION_LEVEL ; PLACEMENT_AND_ROUTING                                  ; --            ; ctrl_un_BO  ; Top                               ;
; PARTITION_NETLIST_TYPE              ; SOURCE                                                 ; --            ; ctrl_un_BO  ; Top                               ;
; PROJECT_OUTPUT_DIRECTORY            ; output_files                                           ; --            ; --          ; --                                ;
; TOP_LEVEL_ENTITY                    ; ctrl_un_BO                                             ; Seventh       ; --          ; --                                ;
+-------------------------------------+--------------------------------------------------------+---------------+-------------+-----------------------------------+


+-------------------------------------------------------------------------------------------------------------------------------+
; Flow Elapsed Time                                                                                                             ;
+---------------------------+--------------+-------------------------+---------------------+------------------------------------+
; Module Name               ; Elapsed Time ; Average Processors Used ; Peak Virtual Memory ; Total CPU Time (on all processors) ;
+---------------------------+--------------+-------------------------+---------------------+------------------------------------+
; Analysis & Synthesis      ; 00:00:03     ; 1.0                     ; 4697 MB             ; 00:00:02                           ;
; Fitter                    ; 00:00:08     ; 1.0                     ; 5038 MB             ; 00:00:07                           ;
; Assembler                 ; 00:00:02     ; 1.0                     ; 4625 MB             ; 00:00:02                           ;
; TimeQuest Timing Analyzer ; 00:00:03     ; 1.0                     ; 4643 MB             ; 00:00:03                           ;
; EDA Netlist Writer        ; 00:00:00     ; 1.0                     ; 4576 MB             ; 00:00:01                           ;
; EDA Netlist Writer        ; 00:00:01     ; 1.0                     ; 4588 MB             ; 00:00:01                           ;
; EDA Netlist Writer        ; 00:00:01     ; 1.0                     ; 4588 MB             ; 00:00:01                           ;
; EDA Netlist Writer        ; 00:00:01     ; 1.0                     ; 4588 MB             ; 00:00:01                           ;
; EDA Netlist Writer        ; 00:00:00     ; 1.0                     ; 4588 MB             ; 00:00:01                           ;
; EDA Netlist Writer        ; 00:00:00     ; 1.0                     ; 4588 MB             ; 00:00:01                           ;
; EDA Netlist Writer        ; 00:00:01     ; 1.0                     ; 4588 MB             ; 00:00:01                           ;
; EDA Netlist Writer        ; 00:00:01     ; 1.0                     ; 4588 MB             ; 00:00:01                           ;
; EDA Netlist Writer        ; 00:00:01     ; 1.0                     ; 4588 MB             ; 00:00:01                           ;
; Total                     ; 00:00:22     ; --                      ; --                  ; 00:00:23                           ;
+---------------------------+--------------+-------------------------+---------------------+------------------------------------+


+----------------------------------------------------------------------------------------+
; Flow OS Summary                                                                        ;
+---------------------------+------------------+-----------+------------+----------------+
; Module Name               ; Machine Hostname ; OS Name   ; OS Version ; Processor type ;
+---------------------------+------------------+-----------+------------+----------------+
; Analysis & Synthesis      ; MargoBook        ; Windows 7 ; 6.2        ; x86_64         ;
; Fitter                    ; MargoBook        ; Windows 7 ; 6.2        ; x86_64         ;
; Assembler                 ; MargoBook        ; Windows 7 ; 6.2        ; x86_64         ;
; TimeQuest Timing Analyzer ; MargoBook        ; Windows 7 ; 6.2        ; x86_64         ;
; EDA Netlist Writer        ; MargoBook        ; Windows 7 ; 6.2        ; x86_64         ;
; EDA Netlist Writer        ; MargoBook        ; Windows 7 ; 6.2        ; x86_64         ;
; EDA Netlist Writer        ; MargoBook        ; Windows 7 ; 6.2        ; x86_64         ;
; EDA Netlist Writer        ; MargoBook        ; Windows 7 ; 6.2        ; x86_64         ;
; EDA Netlist Writer        ; MargoBook        ; Windows 7 ; 6.2        ; x86_64         ;
; EDA Netlist Writer        ; MargoBook        ; Windows 7 ; 6.2        ; x86_64         ;
; EDA Netlist Writer        ; MargoBook        ; Windows 7 ; 6.2        ; x86_64         ;
; EDA Netlist Writer        ; MargoBook        ; Windows 7 ; 6.2        ; x86_64         ;
; EDA Netlist Writer        ; MargoBook        ; Windows 7 ; 6.2        ; x86_64         ;
+---------------------------+------------------+-----------+------------+----------------+


------------
; Flow Log ;
------------
quartus_map --read_settings_files=on --write_settings_files=off Seventh -c Seventh
quartus_fit --read_settings_files=off --write_settings_files=off Seventh -c Seventh
quartus_asm --read_settings_files=off --write_settings_files=off Seventh -c Seventh
quartus_sta Seventh -c Seventh
quartus_eda --read_settings_files=off --write_settings_files=off Seventh -c Seventh
quartus_eda --gen_testbench --check_outputs=on --tool=modelsim_oem --format=verilog Seventh -c Seventh --vector_source=D:/AlteraProjects/from_lipova/Seventh/test_alu_new.vwf --testbench_file=D:/AlteraProjects/from_lipova/Seventh/simulation/qsim/test_alu_new.vwf.vt
quartus_eda --functional=on --flatten_buses=off --simulation=on --tool=modelsim_oem --format=verilog --output_directory=D:/AlteraProjects/from_lipova/Seventh/simulation/qsim/ Seventh -c Seventh
quartus_eda --gen_testbench --check_outputs=on --tool=modelsim_oem --format=verilog Seventh -c Seventh --vector_source=D:/AlteraProjects/from_lipova/Sixth/test_alu_2op.vwf --testbench_file=D:/AlteraProjects/from_lipova/Seventh/simulation/qsim/test_alu_2op.vwf.vt
quartus_eda --functional=on --flatten_buses=off --simulation=on --tool=modelsim_oem --format=verilog --output_directory=D:/AlteraProjects/from_lipova/Seventh/simulation/qsim/ Seventh -c Seventh
quartus_eda --gen_testbench --check_outputs=on --tool=modelsim_oem --format=verilog Seventh -c Seventh --vector_source=D:/AlteraProjects/from_lipova/Seventh/test_alu_2op.vwf --testbench_file=D:/AlteraProjects/from_lipova/Seventh/simulation/qsim/test_alu_2op.vwf.vt
quartus_eda --functional=on --flatten_buses=off --simulation=on --tool=modelsim_oem --format=verilog --output_directory=D:/AlteraProjects/from_lipova/Seventh/simulation/qsim/ Seventh -c Seventh
quartus_eda --gen_testbench --check_outputs=on --tool=modelsim_oem --format=verilog Seventh -c Seventh --vector_source=D:/AlteraProjects/from_lipova/Seventh/test_alu_2op.vwf --testbench_file=D:/AlteraProjects/from_lipova/Seventh/simulation/qsim/test_alu_2op.vwf.vt
quartus_eda --functional=on --flatten_buses=off --simulation=on --tool=modelsim_oem --format=verilog --output_directory=D:/AlteraProjects/from_lipova/Seventh/simulation/qsim/ Seventh -c Seventh



